<?xml version="1.0" encoding="UTF-8"?>
<!-- Generated by org.testng.reporters.JUnitReportReporter -->
<testsuite skipped="0" hostname="DESKTOP-081URFE" name="com.testng.testcase.testOneProcessEvidence" tests="5" failures="0" timestamp="07 八月 2020 01:37:01 GMT" time="179.373" errors="0">
  <testcase name="test5DownloadProcessEnvidence" time="13.930" classname="com.testng.testcase.testOneProcessEvidence"/>
  <testcase name="test2AddProcessEvidence" time="25.001" classname="com.testng.testcase.testOneProcessEvidence"/>
  <testcase name="test4ProcessEvidenceDetails" time="109.544" classname="com.testng.testcase.testOneProcessEvidence"/>
  <testcase name="test1CancelProcessEvidence" time="16.279" classname="com.testng.testcase.testOneProcessEvidence"/>
  <testcase name="test3CancelQueueProcessEvidence" time="14.619" classname="com.testng.testcase.testOneProcessEvidence"/>
</testsuite> <!-- com.testng.testcase.testOneProcessEvidence -->
