<?xml version="1.0" encoding="UTF-8"?>
<!-- Generated by org.testng.reporters.JUnitReportReporter -->
<testsuite skipped="0" hostname="DESKTOP-081URFE" name="com.testng.testcase.testLogin" tests="1" failures="0" timestamp="29 七月 2020 08:27:22 GMT" time="2.568" errors="0">
  <testcase name="loginTest1" time="2.568" classname="com.testng.testcase.testLogin"/>
</testsuite> <!-- com.testng.testcase.testLogin -->
