<?xml version="1.0" encoding="UTF-8"?>
<!-- Generated by org.testng.reporters.JUnitReportReporter -->
<testsuite skipped="0" hostname="DESKTOP-081URFE" name="com.testng.testcase.testTwoDataAttest" tests="5" failures="0" timestamp="18 八月 2020 03:32:01 GMT" time="14.164" errors="0">
  <testcase name="test5TypeSelect" time="2.823" classname="com.testng.testcase.testTwoDataAttest"/>
  <testcase name="test4TypeSelect" time="2.201" classname="com.testng.testcase.testTwoDataAttest"/>
  <testcase name="test1TypeSelect" time="4.728" classname="com.testng.testcase.testTwoDataAttest"/>
  <testcase name="test3TypeSelect" time="2.207" classname="com.testng.testcase.testTwoDataAttest"/>
  <testcase name="test2TypeSelect" time="2.205" classname="com.testng.testcase.testTwoDataAttest"/>
</testsuite> <!-- com.testng.testcase.testTwoDataAttest -->
