<?xml version="1.0" encoding="UTF-8"?>
<!-- Generated by org.testng.reporters.JUnitReportReporter -->
<testsuite skipped="0" hostname="DESKTOP-081URFE" name="com.testng.testcase.testThreeDateAttest" tests="6" failures="0" timestamp="18 八月 2020 10:09:03 GMT" time="41.304" errors="0">
  <testcase name="test5ViewDetails" time="9.815" classname="com.testng.testcase.testThreeDateAttest"/>
  <testcase name="test4TimeScopeSearch" time="6.466" classname="com.testng.testcase.testThreeDateAttest"/>
  <testcase name="test6DeleteData" time="6.159" classname="com.testng.testcase.testThreeDateAttest"/>
  <testcase name="test1TimeScopeSearch" time="5.961" classname="com.testng.testcase.testThreeDateAttest"/>
  <testcase name="test3TimeScopeSearch" time="6.451" classname="com.testng.testcase.testThreeDateAttest"/>
  <testcase name="test2TimeScopeSearch" time="6.452" classname="com.testng.testcase.testThreeDateAttest"/>
</testsuite> <!-- com.testng.testcase.testThreeDateAttest -->
