<?xml version="1.0" encoding="UTF-8"?>
<!-- Generated by org.testng.reporters.JUnitReportReporter -->
<testsuite skipped="0" hostname="DESKTOP-081URFE" name="com.testng.testcase.testOneDateAttest" tests="10" failures="0" timestamp="18 八月 2020 03:32:01 GMT" time="31.406" errors="0">
  <testcase name="test1SearchWorldName" time="0.280" classname="com.testng.testcase.testOneDateAttest"/>
  <testcase name="test8OtherAttest" time="5.472" classname="com.testng.testcase.testOneDateAttest"/>
  <testcase name="test2PngAttest" time="5.698" classname="com.testng.testcase.testOneDateAttest"/>
  <testcase name="test3SearchPngName" time="0.253" classname="com.testng.testcase.testOneDateAttest"/>
  <testcase name="test7SearchVideoName" time="0.292" classname="com.testng.testcase.testOneDateAttest"/>
  <testcase name="test4YinPinAttest" time="5.477" classname="com.testng.testcase.testOneDateAttest"/>
  <testcase name="test0WordAttest" time="5.891" classname="com.testng.testcase.testOneDateAttest"/>
  <testcase name="test5YinPinSearchName" time="0.245" classname="com.testng.testcase.testOneDateAttest"/>
  <testcase name="test9SearchPngName" time="2.298" classname="com.testng.testcase.testOneDateAttest"/>
  <testcase name="test6VideoAttest" time="5.500" classname="com.testng.testcase.testOneDateAttest"/>
</testsuite> <!-- com.testng.testcase.testOneDateAttest -->
