<?xml version="1.0" encoding="UTF-8"?>
<!-- Generated by org.testng.reporters.JUnitReportReporter -->
<testsuite skipped="0" hostname="DESKTOP-081URFE" name="com.testng.testcase.testFourDateAttest" tests="5" failures="0" timestamp="18 八月 2020 10:09:03 GMT" time="23.115" errors="0">
  <testcase name="test6PageData" time="1.874" classname="com.testng.testcase.testFourDateAttest"/>
  <testcase name="test5UpdateDataAttest" time="5.947" classname="com.testng.testcase.testFourDateAttest"/>
  <testcase name="test1BatchAttest" time="11.236" classname="com.testng.testcase.testFourDateAttest"/>
  <testcase name="test4DeleteDatas" time="3.376" classname="com.testng.testcase.testFourDateAttest"/>
  <testcase name="test3InformationVerification" time="0.682" classname="com.testng.testcase.testFourDateAttest"/>
</testsuite> <!-- com.testng.testcase.testFourDateAttest -->
