<?xml version="1.0" encoding="UTF-8"?>
<!-- Generated by org.testng.reporters.JUnitReportReporter -->
<testsuite skipped="0" hostname="SC-20190904172" name="com.testng.testcase.testLogin" tests="1" failures="0" timestamp="21 七月 2020 07:48:04 GMT" time="1.934" errors="0">
  <testcase name="loginTest1" time="1.934" classname="com.testng.testcase.testLogin"/>
</testsuite> <!-- com.testng.testcase.testLogin -->
