<?xml version="1.0" encoding="UTF-8"?>
<!-- Generated by org.testng.reporters.JUnitReportReporter -->
<testsuite skipped="0" hostname="DESKTOP-081URFE" name="com.testng.testcase.testTwoProcessEvidence" tests="5" failures="0" timestamp="18 八月 2020 10:09:03 GMT" time="9.158" errors="0">
  <testcase name="test1TimeSearchData" time="2.379" classname="com.testng.testcase.testTwoProcessEvidence"/>
  <testcase name="test2TimeSearchData" time="2.043" classname="com.testng.testcase.testTwoProcessEvidence"/>
  <testcase name="test5NameSearchData" time="0.916" classname="com.testng.testcase.testTwoProcessEvidence"/>
  <testcase name="test4TimeSearchData" time="1.893" classname="com.testng.testcase.testTwoProcessEvidence"/>
  <testcase name="test3TimeSearchData" time="1.927" classname="com.testng.testcase.testTwoProcessEvidence"/>
</testsuite> <!-- com.testng.testcase.testTwoProcessEvidence -->
