<?xml version="1.0" encoding="UTF-8"?>
<!-- Generated by org.testng.reporters.JUnitReportReporter -->
<testsuite skipped="0" hostname="DESKTOP-081URFE" name="com.testng.testcase.testThreeDateAttest" tests="6" failures="0" timestamp="18 八月 2020 03:32:01 GMT" time="41.168" errors="0">
  <testcase name="test5ViewDetails" time="9.783" classname="com.testng.testcase.testThreeDateAttest"/>
  <testcase name="test2TimeScopeSearch" time="6.526" classname="com.testng.testcase.testThreeDateAttest"/>
  <testcase name="test6DeleteData" time="6.084" classname="com.testng.testcase.testThreeDateAttest"/>
  <testcase name="test1TimeScopeSearch" time="5.861" classname="com.testng.testcase.testThreeDateAttest"/>
  <testcase name="test4TimeScopeSearch" time="6.455" classname="com.testng.testcase.testThreeDateAttest"/>
  <testcase name="test3TimeScopeSearch" time="6.459" classname="com.testng.testcase.testThreeDateAttest"/>
</testsuite> <!-- com.testng.testcase.testThreeDateAttest -->
