<?xml version="1.0" encoding="UTF-8"?>
<!-- Generated by org.testng.reporters.JUnitReportReporter -->
<testsuite skipped="0" hostname="DESKTOP-081URFE" name="com.testng.testcase.testTwoDataAttest" tests="5" failures="0" timestamp="18 八月 2020 10:09:03 GMT" time="14.149" errors="0">
  <testcase name="test4TypeSelect" time="2.210" classname="com.testng.testcase.testTwoDataAttest"/>
  <testcase name="test1TypeSelect" time="4.693" classname="com.testng.testcase.testTwoDataAttest"/>
  <testcase name="test3TypeSelect" time="2.211" classname="com.testng.testcase.testTwoDataAttest"/>
  <testcase name="test2TypeSelect" time="2.214" classname="com.testng.testcase.testTwoDataAttest"/>
  <testcase name="test5TypeSelect" time="2.821" classname="com.testng.testcase.testTwoDataAttest"/>
</testsuite> <!-- com.testng.testcase.testTwoDataAttest -->
