<?xml version="1.0" encoding="UTF-8"?>
<!-- Generated by org.testng.reporters.JUnitReportReporter -->
<testsuite skipped="0" hostname="DESKTOP-081URFE" name="com.testng.testcase.testOneDateAttest" tests="10" failures="0" timestamp="18 八月 2020 10:09:03 GMT" time="32.008" errors="0">
  <testcase name="test0WordAttest" time="5.980" classname="com.testng.testcase.testOneDateAttest"/>
  <testcase name="test7SearchVideoName" time="0.284" classname="com.testng.testcase.testOneDateAttest"/>
  <testcase name="test1SearchWorldName" time="0.285" classname="com.testng.testcase.testOneDateAttest"/>
  <testcase name="test2PngAttest" time="5.692" classname="com.testng.testcase.testOneDateAttest"/>
  <testcase name="test3SearchPngName" time="0.259" classname="com.testng.testcase.testOneDateAttest"/>
  <testcase name="test6VideoAttest" time="5.547" classname="com.testng.testcase.testOneDateAttest"/>
  <testcase name="test9SearchPngName" time="2.287" classname="com.testng.testcase.testOneDateAttest"/>
  <testcase name="test4YinPinAttest" time="5.799" classname="com.testng.testcase.testOneDateAttest"/>
  <testcase name="test8OtherAttest" time="5.624" classname="com.testng.testcase.testOneDateAttest"/>
  <testcase name="test5YinPinSearchName" time="0.251" classname="com.testng.testcase.testOneDateAttest"/>
</testsuite> <!-- com.testng.testcase.testOneDateAttest -->
