<?xml version="1.0" encoding="UTF-8"?>
<!-- Generated by org.testng.reporters.JUnitReportReporter -->
<testsuite skipped="0" hostname="DESKTOP-081URFE" name="com.testng.testcase.testThreeDateAttest" tests="6" failures="0" timestamp="07 八月 2020 01:37:01 GMT" time="41.611" errors="0">
  <testcase name="test5ViewDetails" time="9.914" classname="com.testng.testcase.testThreeDateAttest"/>
  <testcase name="test1TimeScopeSearch" time="5.946" classname="com.testng.testcase.testThreeDateAttest"/>
  <testcase name="test6DeleteData" time="6.234" classname="com.testng.testcase.testThreeDateAttest"/>
  <testcase name="test3TimeScopeSearch" time="6.503" classname="com.testng.testcase.testThreeDateAttest"/>
  <testcase name="test4TimeScopeSearch" time="6.502" classname="com.testng.testcase.testThreeDateAttest"/>
  <testcase name="test2TimeScopeSearch" time="6.512" classname="com.testng.testcase.testThreeDateAttest"/>
</testsuite> <!-- com.testng.testcase.testThreeDateAttest -->
