<?xml version="1.0" encoding="UTF-8"?>
<!-- Generated by org.testng.reporters.JUnitReportReporter -->
<testsuite skipped="0" hostname="DESKTOP-081URFE" name="com.testng.testcase.testFourDateAttest" tests="5" failures="0" timestamp="18 八月 2020 03:32:01 GMT" time="22.294" errors="0">
  <testcase name="test6PageData" time="1.844" classname="com.testng.testcase.testFourDateAttest"/>
  <testcase name="test3InformationVerification" time="0.581" classname="com.testng.testcase.testFourDateAttest"/>
  <testcase name="test1BatchAttest" time="10.456" classname="com.testng.testcase.testFourDateAttest"/>
  <testcase name="test5UpdateDataAttest" time="5.930" classname="com.testng.testcase.testFourDateAttest"/>
  <testcase name="test4DeleteDatas" time="3.483" classname="com.testng.testcase.testFourDateAttest"/>
</testsuite> <!-- com.testng.testcase.testFourDateAttest -->
