<?xml version="1.0" encoding="UTF-8"?>
<!-- Generated by org.testng.reporters.JUnitReportReporter -->
<testsuite skipped="0" hostname="DESKTOP-081URFE" name="com.testng.testcase.testOneDateAttest" tests="10" failures="0" timestamp="07 八月 2020 01:37:01 GMT" time="31.595" errors="0">
  <testcase name="test6VideoAttest" time="5.457" classname="com.testng.testcase.testOneDateAttest"/>
  <testcase name="test0WordAttest" time="5.971" classname="com.testng.testcase.testOneDateAttest"/>
  <testcase name="test1SearchWorldName" time="0.306" classname="com.testng.testcase.testOneDateAttest"/>
  <testcase name="test5YinPinSearchName" time="0.296" classname="com.testng.testcase.testOneDateAttest"/>
  <testcase name="test8OtherAttest" time="5.457" classname="com.testng.testcase.testOneDateAttest"/>
  <testcase name="test2PngAttest" time="5.614" classname="com.testng.testcase.testOneDateAttest"/>
  <testcase name="test9SearchPngName" time="2.371" classname="com.testng.testcase.testOneDateAttest"/>
  <testcase name="test3SearchPngName" time="0.284" classname="com.testng.testcase.testOneDateAttest"/>
  <testcase name="test7SearchVideoName" time="0.286" classname="com.testng.testcase.testOneDateAttest"/>
  <testcase name="test4YinPinAttest" time="5.553" classname="com.testng.testcase.testOneDateAttest"/>
</testsuite> <!-- com.testng.testcase.testOneDateAttest -->
