<?xml version="1.0" encoding="UTF-8"?>
<!-- Generated by org.testng.reporters.JUnitReportReporter -->
<testsuite skipped="0" hostname="DESKTOP-081URFE" name="com.testng.testcase.testTwoDateAttest" tests="5" failures="0" timestamp="29 七月 2020 08:27:22 GMT" time="35.158" errors="0">
  <testcase name="test1TimeScopeSearch" time="7.939" classname="com.testng.testcase.testTwoDateAttest"/>
  <testcase name="test2TimeScopeSearch" time="6.545" classname="com.testng.testcase.testTwoDateAttest"/>
  <testcase name="test3TimeScopeSearch" time="6.534" classname="com.testng.testcase.testTwoDateAttest"/>
  <testcase name="test6ViewDetails" time="7.630" classname="com.testng.testcase.testTwoDateAttest"/>
  <testcase name="test4TimeScopeSearch" time="6.510" classname="com.testng.testcase.testTwoDateAttest"/>
</testsuite> <!-- com.testng.testcase.testTwoDateAttest -->
