<?xml version="1.0" encoding="UTF-8"?>
<!-- Generated by org.testng.reporters.JUnitReportReporter -->
<testsuite skipped="0" hostname="DESKTOP-081URFE" name="com.testng.testcase.testOneProcessEvidence" tests="5" failures="0" timestamp="18 八月 2020 10:09:03 GMT" time="179.376" errors="0">
  <testcase name="test4ProcessEvidenceDetails" time="100.449" classname="com.testng.testcase.testOneProcessEvidence"/>
  <testcase name="test3CancelQueueProcessEvidence" time="14.276" classname="com.testng.testcase.testOneProcessEvidence"/>
  <testcase name="test5DownloadProcessEnvidence" time="13.862" classname="com.testng.testcase.testOneProcessEvidence"/>
  <testcase name="test2AddProcessEvidence" time="34.719" classname="com.testng.testcase.testOneProcessEvidence"/>
  <testcase name="test1CancelProcessEvidence" time="16.070" classname="com.testng.testcase.testOneProcessEvidence"/>
</testsuite> <!-- com.testng.testcase.testOneProcessEvidence -->
