<?xml version="1.0" encoding="UTF-8"?>
<!-- Generated by org.testng.reporters.JUnitReportReporter -->
<testsuite skipped="0" hostname="DESKTOP-081URFE" name="com.testng.testcase.testOneDateAttest" tests="10" failures="0" timestamp="29 七月 2020 08:27:22 GMT" time="25.326" errors="0">
  <testcase name="test6VideoAttest" time="4.490" classname="com.testng.testcase.testOneDateAttest"/>
  <testcase name="test1SearchWorldName" time="0.333" classname="com.testng.testcase.testOneDateAttest"/>
  <testcase name="test3SearchPngName" time="0.289" classname="com.testng.testcase.testOneDateAttest"/>
  <testcase name="test5YinPinSearchName" time="0.313" classname="com.testng.testcase.testOneDateAttest"/>
  <testcase name="test2PngAttest" time="3.837" classname="com.testng.testcase.testOneDateAttest"/>
  <testcase name="test9SearchPngName" time="2.354" classname="com.testng.testcase.testOneDateAttest"/>
  <testcase name="test7SearchVideoName" time="0.245" classname="com.testng.testcase.testOneDateAttest"/>
  <testcase name="test0WordAttest" time="4.337" classname="com.testng.testcase.testOneDateAttest"/>
  <testcase name="test8OtherAttest" time="4.342" classname="com.testng.testcase.testOneDateAttest"/>
  <testcase name="test4YinPinAttest" time="4.786" classname="com.testng.testcase.testOneDateAttest"/>
</testsuite> <!-- com.testng.testcase.testOneDateAttest -->
