<?xml version="1.0" encoding="UTF-8"?>
<!-- Generated by org.testng.reporters.JUnitReportReporter -->
<testsuite skipped="0" hostname="DESKTOP-081URFE" name="com.testng.testcase.testOneProcessEvidence" tests="5" failures="0" timestamp="18 八月 2020 03:32:01 GMT" time="194.510" errors="0">
  <testcase name="test4ProcessEvidenceDetails" time="125.538" classname="com.testng.testcase.testOneProcessEvidence"/>
  <testcase name="test1CancelProcessEvidence" time="16.012" classname="com.testng.testcase.testOneProcessEvidence"/>
  <testcase name="test5DownloadProcessEnvidence" time="13.977" classname="com.testng.testcase.testOneProcessEvidence"/>
  <testcase name="test3CancelQueueProcessEvidence" time="14.268" classname="com.testng.testcase.testOneProcessEvidence"/>
  <testcase name="test2AddProcessEvidence" time="24.715" classname="com.testng.testcase.testOneProcessEvidence"/>
</testsuite> <!-- com.testng.testcase.testOneProcessEvidence -->
