<?xml version="1.0" encoding="UTF-8"?>
<!-- Generated by org.testng.reporters.JUnitReportReporter -->
<testsuite skipped="0" hostname="DESKTOP-081URFE" name="com.testng.testcase.testFourProcessEvidence" tests="2" failures="0" timestamp="18 八月 2020 10:09:03 GMT" time="3.755" errors="0">
  <testcase name="test1SelectSearch" time="2.148" classname="com.testng.testcase.testFourProcessEvidence"/>
  <testcase name="test2SelectSearch" time="1.607" classname="com.testng.testcase.testFourProcessEvidence"/>
</testsuite> <!-- com.testng.testcase.testFourProcessEvidence -->
