<?xml version="1.0" encoding="UTF-8"?>
<!-- Generated by org.testng.reporters.JUnitReportReporter -->
<testsuite skipped="0" hostname="DESKTOP-081URFE" name="com.testng.testcase.testFourDateAttest" tests="5" failures="0" timestamp="07 八月 2020 01:37:01 GMT" time="22.954" errors="0">
  <testcase name="test5UpdateDataAttest" time="6.043" classname="com.testng.testcase.testFourDateAttest"/>
  <testcase name="test4DeleteDatas" time="3.251" classname="com.testng.testcase.testFourDateAttest"/>
  <testcase name="test1BatchAttest" time="11.101" classname="com.testng.testcase.testFourDateAttest"/>
  <testcase name="test6PageData" time="1.833" classname="com.testng.testcase.testFourDateAttest"/>
  <testcase name="test3InformationVerification" time="0.726" classname="com.testng.testcase.testFourDateAttest"/>
</testsuite> <!-- com.testng.testcase.testFourDateAttest -->
